Nonterminals useless in grammar

   commenti


Terminals unused in grammar

   COMMENT


Regole inutili nella grammatica

   66 commenti: COMMENT
   67         | COMMENT string


Stato 56 2 conflitti shift/riduzione
Stato 76 2 conflitti shift/riduzione


Grammatica

    0 $accept: main $end

    1 main: definition events commands elenco_stati

    2 definition: VAR LBRACE RBRACE
    3           | VAR LBRACE elenco_ass RBRACE

    4 elenco_ass: assegnazione SEMI
    5           | elenco_ass assegnazione SEMI

    6 assegnazione: TYPE string ASSIGN string
    7             | TYPE string ASSIGN term

    8 string: ALPHA

    9 operazioni: string ASSIGN string OPERATORE string
   10           | string ASSIGN string OPERATORE term
   11           | string ASSIGN term OPERATORE string
   12           | string ASSIGN term OPERATORE term
   13           | OPERATORE LPAREN string RPAREN
   14           | OPERATORE LPAREN term COMMA string RPAREN
   15           | PRINT LPAREN string RPAREN
   16           | PRINT

   17 term: NUMBER

   18 events: EVENT LBRACE elenco_ev_com RBRACE

   19 elenco_ev_com: string SEMI
   20              | elenco_ev_com string SEMI

   21 elenco_stati: state
   22             | elenco_stati state

   23 state: STATE string LBRACE actions elenchi RBRACE
   24      | STATE string LBRACE actions elenco_cond elenchi RBRACE
   25      | STATE string LBRACE actions cicli RBRACE
   26      | STATE string LBRACE actions cicli elenco_cond RBRACE
   27      | STATE string LBRACE actions cicli elenchi RBRACE

   28 elenchi: elenco_operazioni
   29        | elenco_cambio
   30        | elenchi elenco_cambio
   31        | elenchi elenco_operazioni

   32 elenco_operazioni: operazioni SEMI
   33                  | elenco_operazioni SEMI operazioni

   34 actions: ACTION LBRACE RBRACE SEMI
   35        | ACTION LBRACE elenco_actions RBRACE SEMI

   36 commands: COMMAND LBRACE elenco_ev_com RBRACE

   37 elenco_actions: operazioni
   38               | elenco_actions COMMA operazioni

   39 cambiostato: string CHANGESTATE string SEMI
   40            | CHANGESTATE string SEMI

   41 elenco_cambio: cambiostato
   42              | elenco_cambio cambiostato

   43 cicli: FOR LPAREN assegnazione COMMA string CMP term COMMA operazioni RPAREN LBRACE elenco_cond RBRACE
   44      | FOR LPAREN assegnazione COMMA term CMP string COMMA operazioni RPAREN LBRACE elenco_cond RBRACE
   45      | FOR LPAREN assegnazione COMMA string CMP string COMMA operazioni RPAREN LBRACE elenco_cond RBRACE
   46      | FOR LPAREN assegnazione COMMA string CMP term COMMA operazioni RPAREN LBRACE elenchi RBRACE
   47      | FOR LPAREN assegnazione COMMA term CMP string COMMA operazioni RPAREN LBRACE elenchi RBRACE
   48      | FOR LPAREN assegnazione COMMA string CMP string COMMA operazioni RPAREN LBRACE elenchi RBRACE
   49      | WHILE LPAREN term CMP term RPAREN LBRACE elenco_cond RBRACE
   50      | WHILE LPAREN string CMP term RPAREN LBRACE elenco_cond RBRACE
   51      | WHILE LPAREN term CMP string RPAREN LBRACE elenco_cond RBRACE
   52      | WHILE LPAREN string CMP string RPAREN LBRACE elenco_cond RBRACE
   53      | WHILE LPAREN term CMP term RPAREN LBRACE elenchi RBRACE
   54      | WHILE LPAREN string CMP term RPAREN LBRACE elenchi RBRACE
   55      | WHILE LPAREN term CMP string RPAREN LBRACE elenchi RBRACE
   56      | WHILE LPAREN string CMP string RPAREN LBRACE elenchi RBRACE

   57 metodo: IF
   58       | ELIF

   59 cond: metodo LPAREN term CMP term RPAREN LBRACE elenchi RBRACE
   60     | metodo LPAREN term CMP string RPAREN LBRACE elenchi RBRACE
   61     | metodo LPAREN string CMP term RPAREN LBRACE elenchi RBRACE
   62     | metodo LPAREN string CMP string RPAREN LBRACE elenchi RBRACE
   63     | ELSE LBRACE elenchi RBRACE

   64 elenco_cond: cond
   65            | elenco_cond cond


Simboli terminali e regole in cui appaiono

$end (0) 0
error (256)
NUMBER <fn> (258) 17
TYPE <fn> (259) 6 7
SEMI (260) 4 5 19 20 32 33 34 35 39 40
ALPHA <c> (261) 8
ASSIGN (262) 6 7 9 10 11 12
VAR (263) 2 3
LBRACE (264) 2 3 18 23 24 25 26 27 34 35 36 43 44 45 46 47 48 49 50
    51 52 53 54 55 56 59 60 61 62 63
RBRACE (265) 2 3 18 23 24 25 26 27 34 35 36 43 44 45 46 47 48 49 50
    51 52 53 54 55 56 59 60 61 62 63
LPAREN (266) 13 14 15 43 44 45 46 47 48 49 50 51 52 53 54 55 56 59
    60 61 62
RPAREN (267) 13 14 15 43 44 45 46 47 48 49 50 51 52 53 54 55 56 59
    60 61 62
EVENT (268) 18
ACTION (269) 34 35
COMMAND (270) 36
STATE (271) 23 24 25 26 27
COMMA (272) 14 38 43 44 45 46 47 48
CHANGESTATE (273) 39 40
COMMENT (274)
IF (275) 57
ELSE (276) 63
ELIF (277) 58
CMP <fn> (278) 43 44 45 46 47 48 49 50 51 52 53 54 55 56 59 60 61 62
OPERATORE <fn> (279) 9 10 11 12 13 14
WHILE (280) 49 50 51 52 53 54 55 56
FOR (281) 43 44 45 46 47 48
PRINT <fn> (282) 15 16


Simboli nonterminali e regole in cui appaiono

$accept (28)
    nel primo membro: 0
main (29)
    nel primo membro: 1, nel secondo membro: 0
definition <as> (30)
    nel primo membro: 2 3, nel secondo membro: 1
elenco_ass <as> (31)
    nel primo membro: 4 5, nel secondo membro: 3 5
assegnazione <as> (32)
    nel primo membro: 6 7, nel secondo membro: 4 5 43 44 45 46 47 48
string <c> (33)
    nel primo membro: 8, nel secondo membro: 6 7 9 10 11 12 13 14 15
    19 20 23 24 25 26 27 39 40 43 44 45 46 47 48 50 51 52 54 55 56
    60 61 62
operazioni <op> (34)
    nel primo membro: 9 10 11 12 13 14 15 16, nel secondo membro: 32
    33 37 38 43 44 45 46 47 48
term <fn> (35)
    nel primo membro: 17, nel secondo membro: 7 10 11 12 14 43 44 46
    47 49 50 51 53 54 55 59 60 61
events <even> (36)
    nel primo membro: 18, nel secondo membro: 1
elenco_ev_com <even> (37)
    nel primo membro: 19 20, nel secondo membro: 18 20 36
elenco_stati <elen_stat> (38)
    nel primo membro: 21 22, nel secondo membro: 1 22
state <stat> (39)
    nel primo membro: 23 24 25 26 27, nel secondo membro: 21 22
elenchi <elen> (40)
    nel primo membro: 28 29 30 31, nel secondo membro: 23 24 27 30
    31 46 47 48 53 54 55 56 59 60 61 62 63
elenco_operazioni <azione> (41)
    nel primo membro: 32 33, nel secondo membro: 28 31 33
actions <azione> (42)
    nel primo membro: 34 35, nel secondo membro: 23 24 25 26 27
commands <even> (43)
    nel primo membro: 36, nel secondo membro: 1
elenco_actions <azione> (44)
    nel primo membro: 37 38, nel secondo membro: 35 38
cambiostato <camb_stat> (45)
    nel primo membro: 39 40, nel secondo membro: 41 42
elenco_cambio <camb_stat> (46)
    nel primo membro: 41 42, nel secondo membro: 29 30 42
cicli <cic> (47)
    nel primo membro: 43 44 45 46 47 48 49 50 51 52 53 54 55 56, nel secondo membro:
    25 26 27
metodo (48)
    nel primo membro: 57 58, nel secondo membro: 59 60 61 62
cond <con> (49)
    nel primo membro: 59 60 61 62 63, nel secondo membro: 64 65
elenco_cond <elen_con> (50)
    nel primo membro: 64 65, nel secondo membro: 24 26 43 44 45 49
    50 51 52 65


Stato 0

    0 $accept: . main $end

    VAR  shift e prosecuzione allo stato 1

    main        prosecuzione allo stato 2
    definition  prosecuzione allo stato 3


Stato 1

    2 definition: VAR . LBRACE RBRACE
    3           | VAR . LBRACE elenco_ass RBRACE

    LBRACE  shift e prosecuzione allo stato 4


Stato 2

    0 $accept: main . $end

    $end  shift e prosecuzione allo stato 5


Stato 3

    1 main: definition . events commands elenco_stati

    EVENT  shift e prosecuzione allo stato 6

    events  prosecuzione allo stato 7


Stato 4

    2 definition: VAR LBRACE . RBRACE
    3           | VAR LBRACE . elenco_ass RBRACE

    TYPE    shift e prosecuzione allo stato 8
    RBRACE  shift e prosecuzione allo stato 9

    elenco_ass    prosecuzione allo stato 10
    assegnazione  prosecuzione allo stato 11


Stato 5

    0 $accept: main $end .

    $default  accetta


Stato 6

   18 events: EVENT . LBRACE elenco_ev_com RBRACE

    LBRACE  shift e prosecuzione allo stato 12


Stato 7

    1 main: definition events . commands elenco_stati

    COMMAND  shift e prosecuzione allo stato 13

    commands  prosecuzione allo stato 14


Stato 8

    6 assegnazione: TYPE . string ASSIGN string
    7             | TYPE . string ASSIGN term

    ALPHA  shift e prosecuzione allo stato 15

    string  prosecuzione allo stato 16


Stato 9

    2 definition: VAR LBRACE RBRACE .

    $default  riduzione con la regola 2 (definition)


Stato 10

    3 definition: VAR LBRACE elenco_ass . RBRACE
    5 elenco_ass: elenco_ass . assegnazione SEMI

    TYPE    shift e prosecuzione allo stato 8
    RBRACE  shift e prosecuzione allo stato 17

    assegnazione  prosecuzione allo stato 18


Stato 11

    4 elenco_ass: assegnazione . SEMI

    SEMI  shift e prosecuzione allo stato 19


Stato 12

   18 events: EVENT LBRACE . elenco_ev_com RBRACE

    ALPHA  shift e prosecuzione allo stato 15

    string         prosecuzione allo stato 20
    elenco_ev_com  prosecuzione allo stato 21


Stato 13

   36 commands: COMMAND . LBRACE elenco_ev_com RBRACE

    LBRACE  shift e prosecuzione allo stato 22


Stato 14

    1 main: definition events commands . elenco_stati

    STATE  shift e prosecuzione allo stato 23

    elenco_stati  prosecuzione allo stato 24
    state         prosecuzione allo stato 25


Stato 15

    8 string: ALPHA .

    $default  riduzione con la regola 8 (string)


Stato 16

    6 assegnazione: TYPE string . ASSIGN string
    7             | TYPE string . ASSIGN term

    ASSIGN  shift e prosecuzione allo stato 26


Stato 17

    3 definition: VAR LBRACE elenco_ass RBRACE .

    $default  riduzione con la regola 3 (definition)


Stato 18

    5 elenco_ass: elenco_ass assegnazione . SEMI

    SEMI  shift e prosecuzione allo stato 27


Stato 19

    4 elenco_ass: assegnazione SEMI .

    $default  riduzione con la regola 4 (elenco_ass)


Stato 20

   19 elenco_ev_com: string . SEMI

    SEMI  shift e prosecuzione allo stato 28


Stato 21

   18 events: EVENT LBRACE elenco_ev_com . RBRACE
   20 elenco_ev_com: elenco_ev_com . string SEMI

    ALPHA   shift e prosecuzione allo stato 15
    RBRACE  shift e prosecuzione allo stato 29

    string  prosecuzione allo stato 30


Stato 22

   36 commands: COMMAND LBRACE . elenco_ev_com RBRACE

    ALPHA  shift e prosecuzione allo stato 15

    string         prosecuzione allo stato 20
    elenco_ev_com  prosecuzione allo stato 31


Stato 23

   23 state: STATE . string LBRACE actions elenchi RBRACE
   24      | STATE . string LBRACE actions elenco_cond elenchi RBRACE
   25      | STATE . string LBRACE actions cicli RBRACE
   26      | STATE . string LBRACE actions cicli elenco_cond RBRACE
   27      | STATE . string LBRACE actions cicli elenchi RBRACE

    ALPHA  shift e prosecuzione allo stato 15

    string  prosecuzione allo stato 32


Stato 24

    1 main: definition events commands elenco_stati .
   22 elenco_stati: elenco_stati . state

    STATE  shift e prosecuzione allo stato 23

    $default  riduzione con la regola 1 (main)

    state  prosecuzione allo stato 33


Stato 25

   21 elenco_stati: state .

    $default  riduzione con la regola 21 (elenco_stati)


Stato 26

    6 assegnazione: TYPE string ASSIGN . string
    7             | TYPE string ASSIGN . term

    NUMBER  shift e prosecuzione allo stato 34
    ALPHA   shift e prosecuzione allo stato 15

    string  prosecuzione allo stato 35
    term    prosecuzione allo stato 36


Stato 27

    5 elenco_ass: elenco_ass assegnazione SEMI .

    $default  riduzione con la regola 5 (elenco_ass)


Stato 28

   19 elenco_ev_com: string SEMI .

    $default  riduzione con la regola 19 (elenco_ev_com)


Stato 29

   18 events: EVENT LBRACE elenco_ev_com RBRACE .

    $default  riduzione con la regola 18 (events)


Stato 30

   20 elenco_ev_com: elenco_ev_com string . SEMI

    SEMI  shift e prosecuzione allo stato 37


Stato 31

   20 elenco_ev_com: elenco_ev_com . string SEMI
   36 commands: COMMAND LBRACE elenco_ev_com . RBRACE

    ALPHA   shift e prosecuzione allo stato 15
    RBRACE  shift e prosecuzione allo stato 38

    string  prosecuzione allo stato 30


Stato 32

   23 state: STATE string . LBRACE actions elenchi RBRACE
   24      | STATE string . LBRACE actions elenco_cond elenchi RBRACE
   25      | STATE string . LBRACE actions cicli RBRACE
   26      | STATE string . LBRACE actions cicli elenco_cond RBRACE
   27      | STATE string . LBRACE actions cicli elenchi RBRACE

    LBRACE  shift e prosecuzione allo stato 39


Stato 33

   22 elenco_stati: elenco_stati state .

    $default  riduzione con la regola 22 (elenco_stati)


Stato 34

   17 term: NUMBER .

    $default  riduzione con la regola 17 (term)


Stato 35

    6 assegnazione: TYPE string ASSIGN string .

    $default  riduzione con la regola 6 (assegnazione)


Stato 36

    7 assegnazione: TYPE string ASSIGN term .

    $default  riduzione con la regola 7 (assegnazione)


Stato 37

   20 elenco_ev_com: elenco_ev_com string SEMI .

    $default  riduzione con la regola 20 (elenco_ev_com)


Stato 38

   36 commands: COMMAND LBRACE elenco_ev_com RBRACE .

    $default  riduzione con la regola 36 (commands)


Stato 39

   23 state: STATE string LBRACE . actions elenchi RBRACE
   24      | STATE string LBRACE . actions elenco_cond elenchi RBRACE
   25      | STATE string LBRACE . actions cicli RBRACE
   26      | STATE string LBRACE . actions cicli elenco_cond RBRACE
   27      | STATE string LBRACE . actions cicli elenchi RBRACE

    ACTION  shift e prosecuzione allo stato 40

    actions  prosecuzione allo stato 41


Stato 40

   34 actions: ACTION . LBRACE RBRACE SEMI
   35        | ACTION . LBRACE elenco_actions RBRACE SEMI

    LBRACE  shift e prosecuzione allo stato 42


Stato 41

   23 state: STATE string LBRACE actions . elenchi RBRACE
   24      | STATE string LBRACE actions . elenco_cond elenchi RBRACE
   25      | STATE string LBRACE actions . cicli RBRACE
   26      | STATE string LBRACE actions . cicli elenco_cond RBRACE
   27      | STATE string LBRACE actions . cicli elenchi RBRACE

    ALPHA        shift e prosecuzione allo stato 15
    CHANGESTATE  shift e prosecuzione allo stato 43
    IF           shift e prosecuzione allo stato 44
    ELSE         shift e prosecuzione allo stato 45
    ELIF         shift e prosecuzione allo stato 46
    OPERATORE    shift e prosecuzione allo stato 47
    WHILE        shift e prosecuzione allo stato 48
    FOR          shift e prosecuzione allo stato 49
    PRINT        shift e prosecuzione allo stato 50

    string             prosecuzione allo stato 51
    operazioni         prosecuzione allo stato 52
    elenchi            prosecuzione allo stato 53
    elenco_operazioni  prosecuzione allo stato 54
    cambiostato        prosecuzione allo stato 55
    elenco_cambio      prosecuzione allo stato 56
    cicli              prosecuzione allo stato 57
    metodo             prosecuzione allo stato 58
    cond               prosecuzione allo stato 59
    elenco_cond        prosecuzione allo stato 60


Stato 42

   34 actions: ACTION LBRACE . RBRACE SEMI
   35        | ACTION LBRACE . elenco_actions RBRACE SEMI

    ALPHA      shift e prosecuzione allo stato 15
    RBRACE     shift e prosecuzione allo stato 61
    OPERATORE  shift e prosecuzione allo stato 47
    PRINT      shift e prosecuzione allo stato 50

    string          prosecuzione allo stato 62
    operazioni      prosecuzione allo stato 63
    elenco_actions  prosecuzione allo stato 64


Stato 43

   40 cambiostato: CHANGESTATE . string SEMI

    ALPHA  shift e prosecuzione allo stato 15

    string  prosecuzione allo stato 65


Stato 44

   57 metodo: IF .

    $default  riduzione con la regola 57 (metodo)


Stato 45

   63 cond: ELSE . LBRACE elenchi RBRACE

    LBRACE  shift e prosecuzione allo stato 66


Stato 46

   58 metodo: ELIF .

    $default  riduzione con la regola 58 (metodo)


Stato 47

   13 operazioni: OPERATORE . LPAREN string RPAREN
   14           | OPERATORE . LPAREN term COMMA string RPAREN

    LPAREN  shift e prosecuzione allo stato 67


Stato 48

   49 cicli: WHILE . LPAREN term CMP term RPAREN LBRACE elenco_cond RBRACE
   50      | WHILE . LPAREN string CMP term RPAREN LBRACE elenco_cond RBRACE
   51      | WHILE . LPAREN term CMP string RPAREN LBRACE elenco_cond RBRACE
   52      | WHILE . LPAREN string CMP string RPAREN LBRACE elenco_cond RBRACE
   53      | WHILE . LPAREN term CMP term RPAREN LBRACE elenchi RBRACE
   54      | WHILE . LPAREN string CMP term RPAREN LBRACE elenchi RBRACE
   55      | WHILE . LPAREN term CMP string RPAREN LBRACE elenchi RBRACE
   56      | WHILE . LPAREN string CMP string RPAREN LBRACE elenchi RBRACE

    LPAREN  shift e prosecuzione allo stato 68


Stato 49

   43 cicli: FOR . LPAREN assegnazione COMMA string CMP term COMMA operazioni RPAREN LBRACE elenco_cond RBRACE
   44      | FOR . LPAREN assegnazione COMMA term CMP string COMMA operazioni RPAREN LBRACE elenco_cond RBRACE
   45      | FOR . LPAREN assegnazione COMMA string CMP string COMMA operazioni RPAREN LBRACE elenco_cond RBRACE
   46      | FOR . LPAREN assegnazione COMMA string CMP term COMMA operazioni RPAREN LBRACE elenchi RBRACE
   47      | FOR . LPAREN assegnazione COMMA term CMP string COMMA operazioni RPAREN LBRACE elenchi RBRACE
   48      | FOR . LPAREN assegnazione COMMA string CMP string COMMA operazioni RPAREN LBRACE elenchi RBRACE

    LPAREN  shift e prosecuzione allo stato 69


Stato 50

   15 operazioni: PRINT . LPAREN string RPAREN
   16           | PRINT .

    LPAREN  shift e prosecuzione allo stato 70

    $default  riduzione con la regola 16 (operazioni)


Stato 51

    9 operazioni: string . ASSIGN string OPERATORE string
   10           | string . ASSIGN string OPERATORE term
   11           | string . ASSIGN term OPERATORE string
   12           | string . ASSIGN term OPERATORE term
   39 cambiostato: string . CHANGESTATE string SEMI

    ASSIGN       shift e prosecuzione allo stato 71
    CHANGESTATE  shift e prosecuzione allo stato 72


Stato 52

   32 elenco_operazioni: operazioni . SEMI

    SEMI  shift e prosecuzione allo stato 73


Stato 53

   23 state: STATE string LBRACE actions elenchi . RBRACE
   30 elenchi: elenchi . elenco_cambio
   31        | elenchi . elenco_operazioni

    ALPHA        shift e prosecuzione allo stato 15
    RBRACE       shift e prosecuzione allo stato 74
    CHANGESTATE  shift e prosecuzione allo stato 43
    OPERATORE    shift e prosecuzione allo stato 47
    PRINT        shift e prosecuzione allo stato 50

    string             prosecuzione allo stato 51
    operazioni         prosecuzione allo stato 52
    elenco_operazioni  prosecuzione allo stato 75
    cambiostato        prosecuzione allo stato 55
    elenco_cambio      prosecuzione allo stato 76


Stato 54

   28 elenchi: elenco_operazioni .
   33 elenco_operazioni: elenco_operazioni . SEMI operazioni

    SEMI  shift e prosecuzione allo stato 77

    $default  riduzione con la regola 28 (elenchi)


Stato 55

   41 elenco_cambio: cambiostato .

    $default  riduzione con la regola 41 (elenco_cambio)


Stato 56

   29 elenchi: elenco_cambio .
   42 elenco_cambio: elenco_cambio . cambiostato

    ALPHA        shift e prosecuzione allo stato 15
    CHANGESTATE  shift e prosecuzione allo stato 43

    ALPHA        [riduzione con la regola 29 (elenchi)]
    CHANGESTATE  [riduzione con la regola 29 (elenchi)]
    $default     riduzione con la regola 29 (elenchi)

    string       prosecuzione allo stato 78
    cambiostato  prosecuzione allo stato 79


Stato 57

   25 state: STATE string LBRACE actions cicli . RBRACE
   26      | STATE string LBRACE actions cicli . elenco_cond RBRACE
   27      | STATE string LBRACE actions cicli . elenchi RBRACE

    ALPHA        shift e prosecuzione allo stato 15
    RBRACE       shift e prosecuzione allo stato 80
    CHANGESTATE  shift e prosecuzione allo stato 43
    IF           shift e prosecuzione allo stato 44
    ELSE         shift e prosecuzione allo stato 45
    ELIF         shift e prosecuzione allo stato 46
    OPERATORE    shift e prosecuzione allo stato 47
    PRINT        shift e prosecuzione allo stato 50

    string             prosecuzione allo stato 51
    operazioni         prosecuzione allo stato 52
    elenchi            prosecuzione allo stato 81
    elenco_operazioni  prosecuzione allo stato 54
    cambiostato        prosecuzione allo stato 55
    elenco_cambio      prosecuzione allo stato 56
    metodo             prosecuzione allo stato 58
    cond               prosecuzione allo stato 59
    elenco_cond        prosecuzione allo stato 82


Stato 58

   59 cond: metodo . LPAREN term CMP term RPAREN LBRACE elenchi RBRACE
   60     | metodo . LPAREN term CMP string RPAREN LBRACE elenchi RBRACE
   61     | metodo . LPAREN string CMP term RPAREN LBRACE elenchi RBRACE
   62     | metodo . LPAREN string CMP string RPAREN LBRACE elenchi RBRACE

    LPAREN  shift e prosecuzione allo stato 83


Stato 59

   64 elenco_cond: cond .

    $default  riduzione con la regola 64 (elenco_cond)


Stato 60

   24 state: STATE string LBRACE actions elenco_cond . elenchi RBRACE
   65 elenco_cond: elenco_cond . cond

    ALPHA        shift e prosecuzione allo stato 15
    CHANGESTATE  shift e prosecuzione allo stato 43
    IF           shift e prosecuzione allo stato 44
    ELSE         shift e prosecuzione allo stato 45
    ELIF         shift e prosecuzione allo stato 46
    OPERATORE    shift e prosecuzione allo stato 47
    PRINT        shift e prosecuzione allo stato 50

    string             prosecuzione allo stato 51
    operazioni         prosecuzione allo stato 52
    elenchi            prosecuzione allo stato 84
    elenco_operazioni  prosecuzione allo stato 54
    cambiostato        prosecuzione allo stato 55
    elenco_cambio      prosecuzione allo stato 56
    metodo             prosecuzione allo stato 58
    cond               prosecuzione allo stato 85


Stato 61

   34 actions: ACTION LBRACE RBRACE . SEMI

    SEMI  shift e prosecuzione allo stato 86


Stato 62

    9 operazioni: string . ASSIGN string OPERATORE string
   10           | string . ASSIGN string OPERATORE term
   11           | string . ASSIGN term OPERATORE string
   12           | string . ASSIGN term OPERATORE term

    ASSIGN  shift e prosecuzione allo stato 71


Stato 63

   37 elenco_actions: operazioni .

    $default  riduzione con la regola 37 (elenco_actions)


Stato 64

   35 actions: ACTION LBRACE elenco_actions . RBRACE SEMI
   38 elenco_actions: elenco_actions . COMMA operazioni

    RBRACE  shift e prosecuzione allo stato 87
    COMMA   shift e prosecuzione allo stato 88


Stato 65

   40 cambiostato: CHANGESTATE string . SEMI

    SEMI  shift e prosecuzione allo stato 89


Stato 66

   63 cond: ELSE LBRACE . elenchi RBRACE

    ALPHA        shift e prosecuzione allo stato 15
    CHANGESTATE  shift e prosecuzione allo stato 43
    OPERATORE    shift e prosecuzione allo stato 47
    PRINT        shift e prosecuzione allo stato 50

    string             prosecuzione allo stato 51
    operazioni         prosecuzione allo stato 52
    elenchi            prosecuzione allo stato 90
    elenco_operazioni  prosecuzione allo stato 54
    cambiostato        prosecuzione allo stato 55
    elenco_cambio      prosecuzione allo stato 56


Stato 67

   13 operazioni: OPERATORE LPAREN . string RPAREN
   14           | OPERATORE LPAREN . term COMMA string RPAREN

    NUMBER  shift e prosecuzione allo stato 34
    ALPHA   shift e prosecuzione allo stato 15

    string  prosecuzione allo stato 91
    term    prosecuzione allo stato 92


Stato 68

   49 cicli: WHILE LPAREN . term CMP term RPAREN LBRACE elenco_cond RBRACE
   50      | WHILE LPAREN . string CMP term RPAREN LBRACE elenco_cond RBRACE
   51      | WHILE LPAREN . term CMP string RPAREN LBRACE elenco_cond RBRACE
   52      | WHILE LPAREN . string CMP string RPAREN LBRACE elenco_cond RBRACE
   53      | WHILE LPAREN . term CMP term RPAREN LBRACE elenchi RBRACE
   54      | WHILE LPAREN . string CMP term RPAREN LBRACE elenchi RBRACE
   55      | WHILE LPAREN . term CMP string RPAREN LBRACE elenchi RBRACE
   56      | WHILE LPAREN . string CMP string RPAREN LBRACE elenchi RBRACE

    NUMBER  shift e prosecuzione allo stato 34
    ALPHA   shift e prosecuzione allo stato 15

    string  prosecuzione allo stato 93
    term    prosecuzione allo stato 94


Stato 69

   43 cicli: FOR LPAREN . assegnazione COMMA string CMP term COMMA operazioni RPAREN LBRACE elenco_cond RBRACE
   44      | FOR LPAREN . assegnazione COMMA term CMP string COMMA operazioni RPAREN LBRACE elenco_cond RBRACE
   45      | FOR LPAREN . assegnazione COMMA string CMP string COMMA operazioni RPAREN LBRACE elenco_cond RBRACE
   46      | FOR LPAREN . assegnazione COMMA string CMP term COMMA operazioni RPAREN LBRACE elenchi RBRACE
   47      | FOR LPAREN . assegnazione COMMA term CMP string COMMA operazioni RPAREN LBRACE elenchi RBRACE
   48      | FOR LPAREN . assegnazione COMMA string CMP string COMMA operazioni RPAREN LBRACE elenchi RBRACE

    TYPE  shift e prosecuzione allo stato 8

    assegnazione  prosecuzione allo stato 95


Stato 70

   15 operazioni: PRINT LPAREN . string RPAREN

    ALPHA  shift e prosecuzione allo stato 15

    string  prosecuzione allo stato 96


Stato 71

    9 operazioni: string ASSIGN . string OPERATORE string
   10           | string ASSIGN . string OPERATORE term
   11           | string ASSIGN . term OPERATORE string
   12           | string ASSIGN . term OPERATORE term

    NUMBER  shift e prosecuzione allo stato 34
    ALPHA   shift e prosecuzione allo stato 15

    string  prosecuzione allo stato 97
    term    prosecuzione allo stato 98


Stato 72

   39 cambiostato: string CHANGESTATE . string SEMI

    ALPHA  shift e prosecuzione allo stato 15

    string  prosecuzione allo stato 99


Stato 73

   32 elenco_operazioni: operazioni SEMI .

    $default  riduzione con la regola 32 (elenco_operazioni)


Stato 74

   23 state: STATE string LBRACE actions elenchi RBRACE .

    $default  riduzione con la regola 23 (state)


Stato 75

   31 elenchi: elenchi elenco_operazioni .
   33 elenco_operazioni: elenco_operazioni . SEMI operazioni

    SEMI  shift e prosecuzione allo stato 77

    $default  riduzione con la regola 31 (elenchi)


Stato 76

   30 elenchi: elenchi elenco_cambio .
   42 elenco_cambio: elenco_cambio . cambiostato

    ALPHA        shift e prosecuzione allo stato 15
    CHANGESTATE  shift e prosecuzione allo stato 43

    ALPHA        [riduzione con la regola 30 (elenchi)]
    CHANGESTATE  [riduzione con la regola 30 (elenchi)]
    $default     riduzione con la regola 30 (elenchi)

    string       prosecuzione allo stato 78
    cambiostato  prosecuzione allo stato 79


Stato 77

   33 elenco_operazioni: elenco_operazioni SEMI . operazioni

    ALPHA      shift e prosecuzione allo stato 15
    OPERATORE  shift e prosecuzione allo stato 47
    PRINT      shift e prosecuzione allo stato 50

    string      prosecuzione allo stato 62
    operazioni  prosecuzione allo stato 100


Stato 78

   39 cambiostato: string . CHANGESTATE string SEMI

    CHANGESTATE  shift e prosecuzione allo stato 72


Stato 79

   42 elenco_cambio: elenco_cambio cambiostato .

    $default  riduzione con la regola 42 (elenco_cambio)


Stato 80

   25 state: STATE string LBRACE actions cicli RBRACE .

    $default  riduzione con la regola 25 (state)


Stato 81

   27 state: STATE string LBRACE actions cicli elenchi . RBRACE
   30 elenchi: elenchi . elenco_cambio
   31        | elenchi . elenco_operazioni

    ALPHA        shift e prosecuzione allo stato 15
    RBRACE       shift e prosecuzione allo stato 101
    CHANGESTATE  shift e prosecuzione allo stato 43
    OPERATORE    shift e prosecuzione allo stato 47
    PRINT        shift e prosecuzione allo stato 50

    string             prosecuzione allo stato 51
    operazioni         prosecuzione allo stato 52
    elenco_operazioni  prosecuzione allo stato 75
    cambiostato        prosecuzione allo stato 55
    elenco_cambio      prosecuzione allo stato 76


Stato 82

   26 state: STATE string LBRACE actions cicli elenco_cond . RBRACE
   65 elenco_cond: elenco_cond . cond

    RBRACE  shift e prosecuzione allo stato 102
    IF      shift e prosecuzione allo stato 44
    ELSE    shift e prosecuzione allo stato 45
    ELIF    shift e prosecuzione allo stato 46

    metodo  prosecuzione allo stato 58
    cond    prosecuzione allo stato 85


Stato 83

   59 cond: metodo LPAREN . term CMP term RPAREN LBRACE elenchi RBRACE
   60     | metodo LPAREN . term CMP string RPAREN LBRACE elenchi RBRACE
   61     | metodo LPAREN . string CMP term RPAREN LBRACE elenchi RBRACE
   62     | metodo LPAREN . string CMP string RPAREN LBRACE elenchi RBRACE

    NUMBER  shift e prosecuzione allo stato 34
    ALPHA   shift e prosecuzione allo stato 15

    string  prosecuzione allo stato 103
    term    prosecuzione allo stato 104


Stato 84

   24 state: STATE string LBRACE actions elenco_cond elenchi . RBRACE
   30 elenchi: elenchi . elenco_cambio
   31        | elenchi . elenco_operazioni

    ALPHA        shift e prosecuzione allo stato 15
    RBRACE       shift e prosecuzione allo stato 105
    CHANGESTATE  shift e prosecuzione allo stato 43
    OPERATORE    shift e prosecuzione allo stato 47
    PRINT        shift e prosecuzione allo stato 50

    string             prosecuzione allo stato 51
    operazioni         prosecuzione allo stato 52
    elenco_operazioni  prosecuzione allo stato 75
    cambiostato        prosecuzione allo stato 55
    elenco_cambio      prosecuzione allo stato 76


Stato 85

   65 elenco_cond: elenco_cond cond .

    $default  riduzione con la regola 65 (elenco_cond)


Stato 86

   34 actions: ACTION LBRACE RBRACE SEMI .

    $default  riduzione con la regola 34 (actions)


Stato 87

   35 actions: ACTION LBRACE elenco_actions RBRACE . SEMI

    SEMI  shift e prosecuzione allo stato 106


Stato 88

   38 elenco_actions: elenco_actions COMMA . operazioni

    ALPHA      shift e prosecuzione allo stato 15
    OPERATORE  shift e prosecuzione allo stato 47
    PRINT      shift e prosecuzione allo stato 50

    string      prosecuzione allo stato 62
    operazioni  prosecuzione allo stato 107


Stato 89

   40 cambiostato: CHANGESTATE string SEMI .

    $default  riduzione con la regola 40 (cambiostato)


Stato 90

   30 elenchi: elenchi . elenco_cambio
   31        | elenchi . elenco_operazioni
   63 cond: ELSE LBRACE elenchi . RBRACE

    ALPHA        shift e prosecuzione allo stato 15
    RBRACE       shift e prosecuzione allo stato 108
    CHANGESTATE  shift e prosecuzione allo stato 43
    OPERATORE    shift e prosecuzione allo stato 47
    PRINT        shift e prosecuzione allo stato 50

    string             prosecuzione allo stato 51
    operazioni         prosecuzione allo stato 52
    elenco_operazioni  prosecuzione allo stato 75
    cambiostato        prosecuzione allo stato 55
    elenco_cambio      prosecuzione allo stato 76


Stato 91

   13 operazioni: OPERATORE LPAREN string . RPAREN

    RPAREN  shift e prosecuzione allo stato 109


Stato 92

   14 operazioni: OPERATORE LPAREN term . COMMA string RPAREN

    COMMA  shift e prosecuzione allo stato 110


Stato 93

   50 cicli: WHILE LPAREN string . CMP term RPAREN LBRACE elenco_cond RBRACE
   52      | WHILE LPAREN string . CMP string RPAREN LBRACE elenco_cond RBRACE
   54      | WHILE LPAREN string . CMP term RPAREN LBRACE elenchi RBRACE
   56      | WHILE LPAREN string . CMP string RPAREN LBRACE elenchi RBRACE

    CMP  shift e prosecuzione allo stato 111


Stato 94

   49 cicli: WHILE LPAREN term . CMP term RPAREN LBRACE elenco_cond RBRACE
   51      | WHILE LPAREN term . CMP string RPAREN LBRACE elenco_cond RBRACE
   53      | WHILE LPAREN term . CMP term RPAREN LBRACE elenchi RBRACE
   55      | WHILE LPAREN term . CMP string RPAREN LBRACE elenchi RBRACE

    CMP  shift e prosecuzione allo stato 112


Stato 95

   43 cicli: FOR LPAREN assegnazione . COMMA string CMP term COMMA operazioni RPAREN LBRACE elenco_cond RBRACE
   44      | FOR LPAREN assegnazione . COMMA term CMP string COMMA operazioni RPAREN LBRACE elenco_cond RBRACE
   45      | FOR LPAREN assegnazione . COMMA string CMP string COMMA operazioni RPAREN LBRACE elenco_cond RBRACE
   46      | FOR LPAREN assegnazione . COMMA string CMP term COMMA operazioni RPAREN LBRACE elenchi RBRACE
   47      | FOR LPAREN assegnazione . COMMA term CMP string COMMA operazioni RPAREN LBRACE elenchi RBRACE
   48      | FOR LPAREN assegnazione . COMMA string CMP string COMMA operazioni RPAREN LBRACE elenchi RBRACE

    COMMA  shift e prosecuzione allo stato 113


Stato 96

   15 operazioni: PRINT LPAREN string . RPAREN

    RPAREN  shift e prosecuzione allo stato 114


Stato 97

    9 operazioni: string ASSIGN string . OPERATORE string
   10           | string ASSIGN string . OPERATORE term

    OPERATORE  shift e prosecuzione allo stato 115


Stato 98

   11 operazioni: string ASSIGN term . OPERATORE string
   12           | string ASSIGN term . OPERATORE term

    OPERATORE  shift e prosecuzione allo stato 116


Stato 99

   39 cambiostato: string CHANGESTATE string . SEMI

    SEMI  shift e prosecuzione allo stato 117


Stato 100

   33 elenco_operazioni: elenco_operazioni SEMI operazioni .

    $default  riduzione con la regola 33 (elenco_operazioni)


Stato 101

   27 state: STATE string LBRACE actions cicli elenchi RBRACE .

    $default  riduzione con la regola 27 (state)


Stato 102

   26 state: STATE string LBRACE actions cicli elenco_cond RBRACE .

    $default  riduzione con la regola 26 (state)


Stato 103

   61 cond: metodo LPAREN string . CMP term RPAREN LBRACE elenchi RBRACE
   62     | metodo LPAREN string . CMP string RPAREN LBRACE elenchi RBRACE

    CMP  shift e prosecuzione allo stato 118


Stato 104

   59 cond: metodo LPAREN term . CMP term RPAREN LBRACE elenchi RBRACE
   60     | metodo LPAREN term . CMP string RPAREN LBRACE elenchi RBRACE

    CMP  shift e prosecuzione allo stato 119


Stato 105

   24 state: STATE string LBRACE actions elenco_cond elenchi RBRACE .

    $default  riduzione con la regola 24 (state)


Stato 106

   35 actions: ACTION LBRACE elenco_actions RBRACE SEMI .

    $default  riduzione con la regola 35 (actions)


Stato 107

   38 elenco_actions: elenco_actions COMMA operazioni .

    $default  riduzione con la regola 38 (elenco_actions)


Stato 108

   63 cond: ELSE LBRACE elenchi RBRACE .

    $default  riduzione con la regola 63 (cond)


Stato 109

   13 operazioni: OPERATORE LPAREN string RPAREN .

    $default  riduzione con la regola 13 (operazioni)


Stato 110

   14 operazioni: OPERATORE LPAREN term COMMA . string RPAREN

    ALPHA  shift e prosecuzione allo stato 15

    string  prosecuzione allo stato 120


Stato 111

   50 cicli: WHILE LPAREN string CMP . term RPAREN LBRACE elenco_cond RBRACE
   52      | WHILE LPAREN string CMP . string RPAREN LBRACE elenco_cond RBRACE
   54      | WHILE LPAREN string CMP . term RPAREN LBRACE elenchi RBRACE
   56      | WHILE LPAREN string CMP . string RPAREN LBRACE elenchi RBRACE

    NUMBER  shift e prosecuzione allo stato 34
    ALPHA   shift e prosecuzione allo stato 15

    string  prosecuzione allo stato 121
    term    prosecuzione allo stato 122


Stato 112

   49 cicli: WHILE LPAREN term CMP . term RPAREN LBRACE elenco_cond RBRACE
   51      | WHILE LPAREN term CMP . string RPAREN LBRACE elenco_cond RBRACE
   53      | WHILE LPAREN term CMP . term RPAREN LBRACE elenchi RBRACE
   55      | WHILE LPAREN term CMP . string RPAREN LBRACE elenchi RBRACE

    NUMBER  shift e prosecuzione allo stato 34
    ALPHA   shift e prosecuzione allo stato 15

    string  prosecuzione allo stato 123
    term    prosecuzione allo stato 124


Stato 113

   43 cicli: FOR LPAREN assegnazione COMMA . string CMP term COMMA operazioni RPAREN LBRACE elenco_cond RBRACE
   44      | FOR LPAREN assegnazione COMMA . term CMP string COMMA operazioni RPAREN LBRACE elenco_cond RBRACE
   45      | FOR LPAREN assegnazione COMMA . string CMP string COMMA operazioni RPAREN LBRACE elenco_cond RBRACE
   46      | FOR LPAREN assegnazione COMMA . string CMP term COMMA operazioni RPAREN LBRACE elenchi RBRACE
   47      | FOR LPAREN assegnazione COMMA . term CMP string COMMA operazioni RPAREN LBRACE elenchi RBRACE
   48      | FOR LPAREN assegnazione COMMA . string CMP string COMMA operazioni RPAREN LBRACE elenchi RBRACE

    NUMBER  shift e prosecuzione allo stato 34
    ALPHA   shift e prosecuzione allo stato 15

    string  prosecuzione allo stato 125
    term    prosecuzione allo stato 126


Stato 114

   15 operazioni: PRINT LPAREN string RPAREN .

    $default  riduzione con la regola 15 (operazioni)


Stato 115

    9 operazioni: string ASSIGN string OPERATORE . string
   10           | string ASSIGN string OPERATORE . term

    NUMBER  shift e prosecuzione allo stato 34
    ALPHA   shift e prosecuzione allo stato 15

    string  prosecuzione allo stato 127
    term    prosecuzione allo stato 128


Stato 116

   11 operazioni: string ASSIGN term OPERATORE . string
   12           | string ASSIGN term OPERATORE . term

    NUMBER  shift e prosecuzione allo stato 34
    ALPHA   shift e prosecuzione allo stato 15

    string  prosecuzione allo stato 129
    term    prosecuzione allo stato 130


Stato 117

   39 cambiostato: string CHANGESTATE string SEMI .

    $default  riduzione con la regola 39 (cambiostato)


Stato 118

   61 cond: metodo LPAREN string CMP . term RPAREN LBRACE elenchi RBRACE
   62     | metodo LPAREN string CMP . string RPAREN LBRACE elenchi RBRACE

    NUMBER  shift e prosecuzione allo stato 34
    ALPHA   shift e prosecuzione allo stato 15

    string  prosecuzione allo stato 131
    term    prosecuzione allo stato 132


Stato 119

   59 cond: metodo LPAREN term CMP . term RPAREN LBRACE elenchi RBRACE
   60     | metodo LPAREN term CMP . string RPAREN LBRACE elenchi RBRACE

    NUMBER  shift e prosecuzione allo stato 34
    ALPHA   shift e prosecuzione allo stato 15

    string  prosecuzione allo stato 133
    term    prosecuzione allo stato 134


Stato 120

   14 operazioni: OPERATORE LPAREN term COMMA string . RPAREN

    RPAREN  shift e prosecuzione allo stato 135


Stato 121

   52 cicli: WHILE LPAREN string CMP string . RPAREN LBRACE elenco_cond RBRACE
   56      | WHILE LPAREN string CMP string . RPAREN LBRACE elenchi RBRACE

    RPAREN  shift e prosecuzione allo stato 136


Stato 122

   50 cicli: WHILE LPAREN string CMP term . RPAREN LBRACE elenco_cond RBRACE
   54      | WHILE LPAREN string CMP term . RPAREN LBRACE elenchi RBRACE

    RPAREN  shift e prosecuzione allo stato 137


Stato 123

   51 cicli: WHILE LPAREN term CMP string . RPAREN LBRACE elenco_cond RBRACE
   55      | WHILE LPAREN term CMP string . RPAREN LBRACE elenchi RBRACE

    RPAREN  shift e prosecuzione allo stato 138


Stato 124

   49 cicli: WHILE LPAREN term CMP term . RPAREN LBRACE elenco_cond RBRACE
   53      | WHILE LPAREN term CMP term . RPAREN LBRACE elenchi RBRACE

    RPAREN  shift e prosecuzione allo stato 139


Stato 125

   43 cicli: FOR LPAREN assegnazione COMMA string . CMP term COMMA operazioni RPAREN LBRACE elenco_cond RBRACE
   45      | FOR LPAREN assegnazione COMMA string . CMP string COMMA operazioni RPAREN LBRACE elenco_cond RBRACE
   46      | FOR LPAREN assegnazione COMMA string . CMP term COMMA operazioni RPAREN LBRACE elenchi RBRACE
   48      | FOR LPAREN assegnazione COMMA string . CMP string COMMA operazioni RPAREN LBRACE elenchi RBRACE

    CMP  shift e prosecuzione allo stato 140


Stato 126

   44 cicli: FOR LPAREN assegnazione COMMA term . CMP string COMMA operazioni RPAREN LBRACE elenco_cond RBRACE
   47      | FOR LPAREN assegnazione COMMA term . CMP string COMMA operazioni RPAREN LBRACE elenchi RBRACE

    CMP  shift e prosecuzione allo stato 141


Stato 127

    9 operazioni: string ASSIGN string OPERATORE string .

    $default  riduzione con la regola 9 (operazioni)


Stato 128

   10 operazioni: string ASSIGN string OPERATORE term .

    $default  riduzione con la regola 10 (operazioni)


Stato 129

   11 operazioni: string ASSIGN term OPERATORE string .

    $default  riduzione con la regola 11 (operazioni)


Stato 130

   12 operazioni: string ASSIGN term OPERATORE term .

    $default  riduzione con la regola 12 (operazioni)


Stato 131

   62 cond: metodo LPAREN string CMP string . RPAREN LBRACE elenchi RBRACE

    RPAREN  shift e prosecuzione allo stato 142


Stato 132

   61 cond: metodo LPAREN string CMP term . RPAREN LBRACE elenchi RBRACE

    RPAREN  shift e prosecuzione allo stato 143


Stato 133

   60 cond: metodo LPAREN term CMP string . RPAREN LBRACE elenchi RBRACE

    RPAREN  shift e prosecuzione allo stato 144


Stato 134

   59 cond: metodo LPAREN term CMP term . RPAREN LBRACE elenchi RBRACE

    RPAREN  shift e prosecuzione allo stato 145


Stato 135

   14 operazioni: OPERATORE LPAREN term COMMA string RPAREN .

    $default  riduzione con la regola 14 (operazioni)


Stato 136

   52 cicli: WHILE LPAREN string CMP string RPAREN . LBRACE elenco_cond RBRACE
   56      | WHILE LPAREN string CMP string RPAREN . LBRACE elenchi RBRACE

    LBRACE  shift e prosecuzione allo stato 146


Stato 137

   50 cicli: WHILE LPAREN string CMP term RPAREN . LBRACE elenco_cond RBRACE
   54      | WHILE LPAREN string CMP term RPAREN . LBRACE elenchi RBRACE

    LBRACE  shift e prosecuzione allo stato 147


Stato 138

   51 cicli: WHILE LPAREN term CMP string RPAREN . LBRACE elenco_cond RBRACE
   55      | WHILE LPAREN term CMP string RPAREN . LBRACE elenchi RBRACE

    LBRACE  shift e prosecuzione allo stato 148


Stato 139

   49 cicli: WHILE LPAREN term CMP term RPAREN . LBRACE elenco_cond RBRACE
   53      | WHILE LPAREN term CMP term RPAREN . LBRACE elenchi RBRACE

    LBRACE  shift e prosecuzione allo stato 149


Stato 140

   43 cicli: FOR LPAREN assegnazione COMMA string CMP . term COMMA operazioni RPAREN LBRACE elenco_cond RBRACE
   45      | FOR LPAREN assegnazione COMMA string CMP . string COMMA operazioni RPAREN LBRACE elenco_cond RBRACE
   46      | FOR LPAREN assegnazione COMMA string CMP . term COMMA operazioni RPAREN LBRACE elenchi RBRACE
   48      | FOR LPAREN assegnazione COMMA string CMP . string COMMA operazioni RPAREN LBRACE elenchi RBRACE

    NUMBER  shift e prosecuzione allo stato 34
    ALPHA   shift e prosecuzione allo stato 15

    string  prosecuzione allo stato 150
    term    prosecuzione allo stato 151


Stato 141

   44 cicli: FOR LPAREN assegnazione COMMA term CMP . string COMMA operazioni RPAREN LBRACE elenco_cond RBRACE
   47      | FOR LPAREN assegnazione COMMA term CMP . string COMMA operazioni RPAREN LBRACE elenchi RBRACE

    ALPHA  shift e prosecuzione allo stato 15

    string  prosecuzione allo stato 152


Stato 142

   62 cond: metodo LPAREN string CMP string RPAREN . LBRACE elenchi RBRACE

    LBRACE  shift e prosecuzione allo stato 153


Stato 143

   61 cond: metodo LPAREN string CMP term RPAREN . LBRACE elenchi RBRACE

    LBRACE  shift e prosecuzione allo stato 154


Stato 144

   60 cond: metodo LPAREN term CMP string RPAREN . LBRACE elenchi RBRACE

    LBRACE  shift e prosecuzione allo stato 155


Stato 145

   59 cond: metodo LPAREN term CMP term RPAREN . LBRACE elenchi RBRACE

    LBRACE  shift e prosecuzione allo stato 156


Stato 146

   52 cicli: WHILE LPAREN string CMP string RPAREN LBRACE . elenco_cond RBRACE
   56      | WHILE LPAREN string CMP string RPAREN LBRACE . elenchi RBRACE

    ALPHA        shift e prosecuzione allo stato 15
    CHANGESTATE  shift e prosecuzione allo stato 43
    IF           shift e prosecuzione allo stato 44
    ELSE         shift e prosecuzione allo stato 45
    ELIF         shift e prosecuzione allo stato 46
    OPERATORE    shift e prosecuzione allo stato 47
    PRINT        shift e prosecuzione allo stato 50

    string             prosecuzione allo stato 51
    operazioni         prosecuzione allo stato 52
    elenchi            prosecuzione allo stato 157
    elenco_operazioni  prosecuzione allo stato 54
    cambiostato        prosecuzione allo stato 55
    elenco_cambio      prosecuzione allo stato 56
    metodo             prosecuzione allo stato 58
    cond               prosecuzione allo stato 59
    elenco_cond        prosecuzione allo stato 158


Stato 147

   50 cicli: WHILE LPAREN string CMP term RPAREN LBRACE . elenco_cond RBRACE
   54      | WHILE LPAREN string CMP term RPAREN LBRACE . elenchi RBRACE

    ALPHA        shift e prosecuzione allo stato 15
    CHANGESTATE  shift e prosecuzione allo stato 43
    IF           shift e prosecuzione allo stato 44
    ELSE         shift e prosecuzione allo stato 45
    ELIF         shift e prosecuzione allo stato 46
    OPERATORE    shift e prosecuzione allo stato 47
    PRINT        shift e prosecuzione allo stato 50

    string             prosecuzione allo stato 51
    operazioni         prosecuzione allo stato 52
    elenchi            prosecuzione allo stato 159
    elenco_operazioni  prosecuzione allo stato 54
    cambiostato        prosecuzione allo stato 55
    elenco_cambio      prosecuzione allo stato 56
    metodo             prosecuzione allo stato 58
    cond               prosecuzione allo stato 59
    elenco_cond        prosecuzione allo stato 160


Stato 148

   51 cicli: WHILE LPAREN term CMP string RPAREN LBRACE . elenco_cond RBRACE
   55      | WHILE LPAREN term CMP string RPAREN LBRACE . elenchi RBRACE

    ALPHA        shift e prosecuzione allo stato 15
    CHANGESTATE  shift e prosecuzione allo stato 43
    IF           shift e prosecuzione allo stato 44
    ELSE         shift e prosecuzione allo stato 45
    ELIF         shift e prosecuzione allo stato 46
    OPERATORE    shift e prosecuzione allo stato 47
    PRINT        shift e prosecuzione allo stato 50

    string             prosecuzione allo stato 51
    operazioni         prosecuzione allo stato 52
    elenchi            prosecuzione allo stato 161
    elenco_operazioni  prosecuzione allo stato 54
    cambiostato        prosecuzione allo stato 55
    elenco_cambio      prosecuzione allo stato 56
    metodo             prosecuzione allo stato 58
    cond               prosecuzione allo stato 59
    elenco_cond        prosecuzione allo stato 162


Stato 149

   49 cicli: WHILE LPAREN term CMP term RPAREN LBRACE . elenco_cond RBRACE
   53      | WHILE LPAREN term CMP term RPAREN LBRACE . elenchi RBRACE

    ALPHA        shift e prosecuzione allo stato 15
    CHANGESTATE  shift e prosecuzione allo stato 43
    IF           shift e prosecuzione allo stato 44
    ELSE         shift e prosecuzione allo stato 45
    ELIF         shift e prosecuzione allo stato 46
    OPERATORE    shift e prosecuzione allo stato 47
    PRINT        shift e prosecuzione allo stato 50

    string             prosecuzione allo stato 51
    operazioni         prosecuzione allo stato 52
    elenchi            prosecuzione allo stato 163
    elenco_operazioni  prosecuzione allo stato 54
    cambiostato        prosecuzione allo stato 55
    elenco_cambio      prosecuzione allo stato 56
    metodo             prosecuzione allo stato 58
    cond               prosecuzione allo stato 59
    elenco_cond        prosecuzione allo stato 164


Stato 150

   45 cicli: FOR LPAREN assegnazione COMMA string CMP string . COMMA operazioni RPAREN LBRACE elenco_cond RBRACE
   48      | FOR LPAREN assegnazione COMMA string CMP string . COMMA operazioni RPAREN LBRACE elenchi RBRACE

    COMMA  shift e prosecuzione allo stato 165


Stato 151

   43 cicli: FOR LPAREN assegnazione COMMA string CMP term . COMMA operazioni RPAREN LBRACE elenco_cond RBRACE
   46      | FOR LPAREN assegnazione COMMA string CMP term . COMMA operazioni RPAREN LBRACE elenchi RBRACE

    COMMA  shift e prosecuzione allo stato 166


Stato 152

   44 cicli: FOR LPAREN assegnazione COMMA term CMP string . COMMA operazioni RPAREN LBRACE elenco_cond RBRACE
   47      | FOR LPAREN assegnazione COMMA term CMP string . COMMA operazioni RPAREN LBRACE elenchi RBRACE

    COMMA  shift e prosecuzione allo stato 167


Stato 153

   62 cond: metodo LPAREN string CMP string RPAREN LBRACE . elenchi RBRACE

    ALPHA        shift e prosecuzione allo stato 15
    CHANGESTATE  shift e prosecuzione allo stato 43
    OPERATORE    shift e prosecuzione allo stato 47
    PRINT        shift e prosecuzione allo stato 50

    string             prosecuzione allo stato 51
    operazioni         prosecuzione allo stato 52
    elenchi            prosecuzione allo stato 168
    elenco_operazioni  prosecuzione allo stato 54
    cambiostato        prosecuzione allo stato 55
    elenco_cambio      prosecuzione allo stato 56


Stato 154

   61 cond: metodo LPAREN string CMP term RPAREN LBRACE . elenchi RBRACE

    ALPHA        shift e prosecuzione allo stato 15
    CHANGESTATE  shift e prosecuzione allo stato 43
    OPERATORE    shift e prosecuzione allo stato 47
    PRINT        shift e prosecuzione allo stato 50

    string             prosecuzione allo stato 51
    operazioni         prosecuzione allo stato 52
    elenchi            prosecuzione allo stato 169
    elenco_operazioni  prosecuzione allo stato 54
    cambiostato        prosecuzione allo stato 55
    elenco_cambio      prosecuzione allo stato 56


Stato 155

   60 cond: metodo LPAREN term CMP string RPAREN LBRACE . elenchi RBRACE

    ALPHA        shift e prosecuzione allo stato 15
    CHANGESTATE  shift e prosecuzione allo stato 43
    OPERATORE    shift e prosecuzione allo stato 47
    PRINT        shift e prosecuzione allo stato 50

    string             prosecuzione allo stato 51
    operazioni         prosecuzione allo stato 52
    elenchi            prosecuzione allo stato 170
    elenco_operazioni  prosecuzione allo stato 54
    cambiostato        prosecuzione allo stato 55
    elenco_cambio      prosecuzione allo stato 56


Stato 156

   59 cond: metodo LPAREN term CMP term RPAREN LBRACE . elenchi RBRACE

    ALPHA        shift e prosecuzione allo stato 15
    CHANGESTATE  shift e prosecuzione allo stato 43
    OPERATORE    shift e prosecuzione allo stato 47
    PRINT        shift e prosecuzione allo stato 50

    string             prosecuzione allo stato 51
    operazioni         prosecuzione allo stato 52
    elenchi            prosecuzione allo stato 171
    elenco_operazioni  prosecuzione allo stato 54
    cambiostato        prosecuzione allo stato 55
    elenco_cambio      prosecuzione allo stato 56


Stato 157

   30 elenchi: elenchi . elenco_cambio
   31        | elenchi . elenco_operazioni
   56 cicli: WHILE LPAREN string CMP string RPAREN LBRACE elenchi . RBRACE

    ALPHA        shift e prosecuzione allo stato 15
    RBRACE       shift e prosecuzione allo stato 172
    CHANGESTATE  shift e prosecuzione allo stato 43
    OPERATORE    shift e prosecuzione allo stato 47
    PRINT        shift e prosecuzione allo stato 50

    string             prosecuzione allo stato 51
    operazioni         prosecuzione allo stato 52
    elenco_operazioni  prosecuzione allo stato 75
    cambiostato        prosecuzione allo stato 55
    elenco_cambio      prosecuzione allo stato 76


Stato 158

   52 cicli: WHILE LPAREN string CMP string RPAREN LBRACE elenco_cond . RBRACE
   65 elenco_cond: elenco_cond . cond

    RBRACE  shift e prosecuzione allo stato 173
    IF      shift e prosecuzione allo stato 44
    ELSE    shift e prosecuzione allo stato 45
    ELIF    shift e prosecuzione allo stato 46

    metodo  prosecuzione allo stato 58
    cond    prosecuzione allo stato 85


Stato 159

   30 elenchi: elenchi . elenco_cambio
   31        | elenchi . elenco_operazioni
   54 cicli: WHILE LPAREN string CMP term RPAREN LBRACE elenchi . RBRACE

    ALPHA        shift e prosecuzione allo stato 15
    RBRACE       shift e prosecuzione allo stato 174
    CHANGESTATE  shift e prosecuzione allo stato 43
    OPERATORE    shift e prosecuzione allo stato 47
    PRINT        shift e prosecuzione allo stato 50

    string             prosecuzione allo stato 51
    operazioni         prosecuzione allo stato 52
    elenco_operazioni  prosecuzione allo stato 75
    cambiostato        prosecuzione allo stato 55
    elenco_cambio      prosecuzione allo stato 76


Stato 160

   50 cicli: WHILE LPAREN string CMP term RPAREN LBRACE elenco_cond . RBRACE
   65 elenco_cond: elenco_cond . cond

    RBRACE  shift e prosecuzione allo stato 175
    IF      shift e prosecuzione allo stato 44
    ELSE    shift e prosecuzione allo stato 45
    ELIF    shift e prosecuzione allo stato 46

    metodo  prosecuzione allo stato 58
    cond    prosecuzione allo stato 85


Stato 161

   30 elenchi: elenchi . elenco_cambio
   31        | elenchi . elenco_operazioni
   55 cicli: WHILE LPAREN term CMP string RPAREN LBRACE elenchi . RBRACE

    ALPHA        shift e prosecuzione allo stato 15
    RBRACE       shift e prosecuzione allo stato 176
    CHANGESTATE  shift e prosecuzione allo stato 43
    OPERATORE    shift e prosecuzione allo stato 47
    PRINT        shift e prosecuzione allo stato 50

    string             prosecuzione allo stato 51
    operazioni         prosecuzione allo stato 52
    elenco_operazioni  prosecuzione allo stato 75
    cambiostato        prosecuzione allo stato 55
    elenco_cambio      prosecuzione allo stato 76


Stato 162

   51 cicli: WHILE LPAREN term CMP string RPAREN LBRACE elenco_cond . RBRACE
   65 elenco_cond: elenco_cond . cond

    RBRACE  shift e prosecuzione allo stato 177
    IF      shift e prosecuzione allo stato 44
    ELSE    shift e prosecuzione allo stato 45
    ELIF    shift e prosecuzione allo stato 46

    metodo  prosecuzione allo stato 58
    cond    prosecuzione allo stato 85


Stato 163

   30 elenchi: elenchi . elenco_cambio
   31        | elenchi . elenco_operazioni
   53 cicli: WHILE LPAREN term CMP term RPAREN LBRACE elenchi . RBRACE

    ALPHA        shift e prosecuzione allo stato 15
    RBRACE       shift e prosecuzione allo stato 178
    CHANGESTATE  shift e prosecuzione allo stato 43
    OPERATORE    shift e prosecuzione allo stato 47
    PRINT        shift e prosecuzione allo stato 50

    string             prosecuzione allo stato 51
    operazioni         prosecuzione allo stato 52
    elenco_operazioni  prosecuzione allo stato 75
    cambiostato        prosecuzione allo stato 55
    elenco_cambio      prosecuzione allo stato 76


Stato 164

   49 cicli: WHILE LPAREN term CMP term RPAREN LBRACE elenco_cond . RBRACE
   65 elenco_cond: elenco_cond . cond

    RBRACE  shift e prosecuzione allo stato 179
    IF      shift e prosecuzione allo stato 44
    ELSE    shift e prosecuzione allo stato 45
    ELIF    shift e prosecuzione allo stato 46

    metodo  prosecuzione allo stato 58
    cond    prosecuzione allo stato 85


Stato 165

   45 cicli: FOR LPAREN assegnazione COMMA string CMP string COMMA . operazioni RPAREN LBRACE elenco_cond RBRACE
   48      | FOR LPAREN assegnazione COMMA string CMP string COMMA . operazioni RPAREN LBRACE elenchi RBRACE

    ALPHA      shift e prosecuzione allo stato 15
    OPERATORE  shift e prosecuzione allo stato 47
    PRINT      shift e prosecuzione allo stato 50

    string      prosecuzione allo stato 62
    operazioni  prosecuzione allo stato 180


Stato 166

   43 cicli: FOR LPAREN assegnazione COMMA string CMP term COMMA . operazioni RPAREN LBRACE elenco_cond RBRACE
   46      | FOR LPAREN assegnazione COMMA string CMP term COMMA . operazioni RPAREN LBRACE elenchi RBRACE

    ALPHA      shift e prosecuzione allo stato 15
    OPERATORE  shift e prosecuzione allo stato 47
    PRINT      shift e prosecuzione allo stato 50

    string      prosecuzione allo stato 62
    operazioni  prosecuzione allo stato 181


Stato 167

   44 cicli: FOR LPAREN assegnazione COMMA term CMP string COMMA . operazioni RPAREN LBRACE elenco_cond RBRACE
   47      | FOR LPAREN assegnazione COMMA term CMP string COMMA . operazioni RPAREN LBRACE elenchi RBRACE

    ALPHA      shift e prosecuzione allo stato 15
    OPERATORE  shift e prosecuzione allo stato 47
    PRINT      shift e prosecuzione allo stato 50

    string      prosecuzione allo stato 62
    operazioni  prosecuzione allo stato 182


Stato 168

   30 elenchi: elenchi . elenco_cambio
   31        | elenchi . elenco_operazioni
   62 cond: metodo LPAREN string CMP string RPAREN LBRACE elenchi . RBRACE

    ALPHA        shift e prosecuzione allo stato 15
    RBRACE       shift e prosecuzione allo stato 183
    CHANGESTATE  shift e prosecuzione allo stato 43
    OPERATORE    shift e prosecuzione allo stato 47
    PRINT        shift e prosecuzione allo stato 50

    string             prosecuzione allo stato 51
    operazioni         prosecuzione allo stato 52
    elenco_operazioni  prosecuzione allo stato 75
    cambiostato        prosecuzione allo stato 55
    elenco_cambio      prosecuzione allo stato 76


Stato 169

   30 elenchi: elenchi . elenco_cambio
   31        | elenchi . elenco_operazioni
   61 cond: metodo LPAREN string CMP term RPAREN LBRACE elenchi . RBRACE

    ALPHA        shift e prosecuzione allo stato 15
    RBRACE       shift e prosecuzione allo stato 184
    CHANGESTATE  shift e prosecuzione allo stato 43
    OPERATORE    shift e prosecuzione allo stato 47
    PRINT        shift e prosecuzione allo stato 50

    string             prosecuzione allo stato 51
    operazioni         prosecuzione allo stato 52
    elenco_operazioni  prosecuzione allo stato 75
    cambiostato        prosecuzione allo stato 55
    elenco_cambio      prosecuzione allo stato 76


Stato 170

   30 elenchi: elenchi . elenco_cambio
   31        | elenchi . elenco_operazioni
   60 cond: metodo LPAREN term CMP string RPAREN LBRACE elenchi . RBRACE

    ALPHA        shift e prosecuzione allo stato 15
    RBRACE       shift e prosecuzione allo stato 185
    CHANGESTATE  shift e prosecuzione allo stato 43
    OPERATORE    shift e prosecuzione allo stato 47
    PRINT        shift e prosecuzione allo stato 50

    string             prosecuzione allo stato 51
    operazioni         prosecuzione allo stato 52
    elenco_operazioni  prosecuzione allo stato 75
    cambiostato        prosecuzione allo stato 55
    elenco_cambio      prosecuzione allo stato 76


Stato 171

   30 elenchi: elenchi . elenco_cambio
   31        | elenchi . elenco_operazioni
   59 cond: metodo LPAREN term CMP term RPAREN LBRACE elenchi . RBRACE

    ALPHA        shift e prosecuzione allo stato 15
    RBRACE       shift e prosecuzione allo stato 186
    CHANGESTATE  shift e prosecuzione allo stato 43
    OPERATORE    shift e prosecuzione allo stato 47
    PRINT        shift e prosecuzione allo stato 50

    string             prosecuzione allo stato 51
    operazioni         prosecuzione allo stato 52
    elenco_operazioni  prosecuzione allo stato 75
    cambiostato        prosecuzione allo stato 55
    elenco_cambio      prosecuzione allo stato 76


Stato 172

   56 cicli: WHILE LPAREN string CMP string RPAREN LBRACE elenchi RBRACE .

    $default  riduzione con la regola 56 (cicli)


Stato 173

   52 cicli: WHILE LPAREN string CMP string RPAREN LBRACE elenco_cond RBRACE .

    $default  riduzione con la regola 52 (cicli)


Stato 174

   54 cicli: WHILE LPAREN string CMP term RPAREN LBRACE elenchi RBRACE .

    $default  riduzione con la regola 54 (cicli)


Stato 175

   50 cicli: WHILE LPAREN string CMP term RPAREN LBRACE elenco_cond RBRACE .

    $default  riduzione con la regola 50 (cicli)


Stato 176

   55 cicli: WHILE LPAREN term CMP string RPAREN LBRACE elenchi RBRACE .

    $default  riduzione con la regola 55 (cicli)


Stato 177

   51 cicli: WHILE LPAREN term CMP string RPAREN LBRACE elenco_cond RBRACE .

    $default  riduzione con la regola 51 (cicli)


Stato 178

   53 cicli: WHILE LPAREN term CMP term RPAREN LBRACE elenchi RBRACE .

    $default  riduzione con la regola 53 (cicli)


Stato 179

   49 cicli: WHILE LPAREN term CMP term RPAREN LBRACE elenco_cond RBRACE .

    $default  riduzione con la regola 49 (cicli)


Stato 180

   45 cicli: FOR LPAREN assegnazione COMMA string CMP string COMMA operazioni . RPAREN LBRACE elenco_cond RBRACE
   48      | FOR LPAREN assegnazione COMMA string CMP string COMMA operazioni . RPAREN LBRACE elenchi RBRACE

    RPAREN  shift e prosecuzione allo stato 187


Stato 181

   43 cicli: FOR LPAREN assegnazione COMMA string CMP term COMMA operazioni . RPAREN LBRACE elenco_cond RBRACE
   46      | FOR LPAREN assegnazione COMMA string CMP term COMMA operazioni . RPAREN LBRACE elenchi RBRACE

    RPAREN  shift e prosecuzione allo stato 188


Stato 182

   44 cicli: FOR LPAREN assegnazione COMMA term CMP string COMMA operazioni . RPAREN LBRACE elenco_cond RBRACE
   47      | FOR LPAREN assegnazione COMMA term CMP string COMMA operazioni . RPAREN LBRACE elenchi RBRACE

    RPAREN  shift e prosecuzione allo stato 189


Stato 183

   62 cond: metodo LPAREN string CMP string RPAREN LBRACE elenchi RBRACE .

    $default  riduzione con la regola 62 (cond)


Stato 184

   61 cond: metodo LPAREN string CMP term RPAREN LBRACE elenchi RBRACE .

    $default  riduzione con la regola 61 (cond)


Stato 185

   60 cond: metodo LPAREN term CMP string RPAREN LBRACE elenchi RBRACE .

    $default  riduzione con la regola 60 (cond)


Stato 186

   59 cond: metodo LPAREN term CMP term RPAREN LBRACE elenchi RBRACE .

    $default  riduzione con la regola 59 (cond)


Stato 187

   45 cicli: FOR LPAREN assegnazione COMMA string CMP string COMMA operazioni RPAREN . LBRACE elenco_cond RBRACE
   48      | FOR LPAREN assegnazione COMMA string CMP string COMMA operazioni RPAREN . LBRACE elenchi RBRACE

    LBRACE  shift e prosecuzione allo stato 190


Stato 188

   43 cicli: FOR LPAREN assegnazione COMMA string CMP term COMMA operazioni RPAREN . LBRACE elenco_cond RBRACE
   46      | FOR LPAREN assegnazione COMMA string CMP term COMMA operazioni RPAREN . LBRACE elenchi RBRACE

    LBRACE  shift e prosecuzione allo stato 191


Stato 189

   44 cicli: FOR LPAREN assegnazione COMMA term CMP string COMMA operazioni RPAREN . LBRACE elenco_cond RBRACE
   47      | FOR LPAREN assegnazione COMMA term CMP string COMMA operazioni RPAREN . LBRACE elenchi RBRACE

    LBRACE  shift e prosecuzione allo stato 192


Stato 190

   45 cicli: FOR LPAREN assegnazione COMMA string CMP string COMMA operazioni RPAREN LBRACE . elenco_cond RBRACE
   48      | FOR LPAREN assegnazione COMMA string CMP string COMMA operazioni RPAREN LBRACE . elenchi RBRACE

    ALPHA        shift e prosecuzione allo stato 15
    CHANGESTATE  shift e prosecuzione allo stato 43
    IF           shift e prosecuzione allo stato 44
    ELSE         shift e prosecuzione allo stato 45
    ELIF         shift e prosecuzione allo stato 46
    OPERATORE    shift e prosecuzione allo stato 47
    PRINT        shift e prosecuzione allo stato 50

    string             prosecuzione allo stato 51
    operazioni         prosecuzione allo stato 52
    elenchi            prosecuzione allo stato 193
    elenco_operazioni  prosecuzione allo stato 54
    cambiostato        prosecuzione allo stato 55
    elenco_cambio      prosecuzione allo stato 56
    metodo             prosecuzione allo stato 58
    cond               prosecuzione allo stato 59
    elenco_cond        prosecuzione allo stato 194


Stato 191

   43 cicli: FOR LPAREN assegnazione COMMA string CMP term COMMA operazioni RPAREN LBRACE . elenco_cond RBRACE
   46      | FOR LPAREN assegnazione COMMA string CMP term COMMA operazioni RPAREN LBRACE . elenchi RBRACE

    ALPHA        shift e prosecuzione allo stato 15
    CHANGESTATE  shift e prosecuzione allo stato 43
    IF           shift e prosecuzione allo stato 44
    ELSE         shift e prosecuzione allo stato 45
    ELIF         shift e prosecuzione allo stato 46
    OPERATORE    shift e prosecuzione allo stato 47
    PRINT        shift e prosecuzione allo stato 50

    string             prosecuzione allo stato 51
    operazioni         prosecuzione allo stato 52
    elenchi            prosecuzione allo stato 195
    elenco_operazioni  prosecuzione allo stato 54
    cambiostato        prosecuzione allo stato 55
    elenco_cambio      prosecuzione allo stato 56
    metodo             prosecuzione allo stato 58
    cond               prosecuzione allo stato 59
    elenco_cond        prosecuzione allo stato 196


Stato 192

   44 cicli: FOR LPAREN assegnazione COMMA term CMP string COMMA operazioni RPAREN LBRACE . elenco_cond RBRACE
   47      | FOR LPAREN assegnazione COMMA term CMP string COMMA operazioni RPAREN LBRACE . elenchi RBRACE

    ALPHA        shift e prosecuzione allo stato 15
    CHANGESTATE  shift e prosecuzione allo stato 43
    IF           shift e prosecuzione allo stato 44
    ELSE         shift e prosecuzione allo stato 45
    ELIF         shift e prosecuzione allo stato 46
    OPERATORE    shift e prosecuzione allo stato 47
    PRINT        shift e prosecuzione allo stato 50

    string             prosecuzione allo stato 51
    operazioni         prosecuzione allo stato 52
    elenchi            prosecuzione allo stato 197
    elenco_operazioni  prosecuzione allo stato 54
    cambiostato        prosecuzione allo stato 55
    elenco_cambio      prosecuzione allo stato 56
    metodo             prosecuzione allo stato 58
    cond               prosecuzione allo stato 59
    elenco_cond        prosecuzione allo stato 198


Stato 193

   30 elenchi: elenchi . elenco_cambio
   31        | elenchi . elenco_operazioni
   48 cicli: FOR LPAREN assegnazione COMMA string CMP string COMMA operazioni RPAREN LBRACE elenchi . RBRACE

    ALPHA        shift e prosecuzione allo stato 15
    RBRACE       shift e prosecuzione allo stato 199
    CHANGESTATE  shift e prosecuzione allo stato 43
    OPERATORE    shift e prosecuzione allo stato 47
    PRINT        shift e prosecuzione allo stato 50

    string             prosecuzione allo stato 51
    operazioni         prosecuzione allo stato 52
    elenco_operazioni  prosecuzione allo stato 75
    cambiostato        prosecuzione allo stato 55
    elenco_cambio      prosecuzione allo stato 76


Stato 194

   45 cicli: FOR LPAREN assegnazione COMMA string CMP string COMMA operazioni RPAREN LBRACE elenco_cond . RBRACE
   65 elenco_cond: elenco_cond . cond

    RBRACE  shift e prosecuzione allo stato 200
    IF      shift e prosecuzione allo stato 44
    ELSE    shift e prosecuzione allo stato 45
    ELIF    shift e prosecuzione allo stato 46

    metodo  prosecuzione allo stato 58
    cond    prosecuzione allo stato 85


Stato 195

   30 elenchi: elenchi . elenco_cambio
   31        | elenchi . elenco_operazioni
   46 cicli: FOR LPAREN assegnazione COMMA string CMP term COMMA operazioni RPAREN LBRACE elenchi . RBRACE

    ALPHA        shift e prosecuzione allo stato 15
    RBRACE       shift e prosecuzione allo stato 201
    CHANGESTATE  shift e prosecuzione allo stato 43
    OPERATORE    shift e prosecuzione allo stato 47
    PRINT        shift e prosecuzione allo stato 50

    string             prosecuzione allo stato 51
    operazioni         prosecuzione allo stato 52
    elenco_operazioni  prosecuzione allo stato 75
    cambiostato        prosecuzione allo stato 55
    elenco_cambio      prosecuzione allo stato 76


Stato 196

   43 cicli: FOR LPAREN assegnazione COMMA string CMP term COMMA operazioni RPAREN LBRACE elenco_cond . RBRACE
   65 elenco_cond: elenco_cond . cond

    RBRACE  shift e prosecuzione allo stato 202
    IF      shift e prosecuzione allo stato 44
    ELSE    shift e prosecuzione allo stato 45
    ELIF    shift e prosecuzione allo stato 46

    metodo  prosecuzione allo stato 58
    cond    prosecuzione allo stato 85


Stato 197

   30 elenchi: elenchi . elenco_cambio
   31        | elenchi . elenco_operazioni
   47 cicli: FOR LPAREN assegnazione COMMA term CMP string COMMA operazioni RPAREN LBRACE elenchi . RBRACE

    ALPHA        shift e prosecuzione allo stato 15
    RBRACE       shift e prosecuzione allo stato 203
    CHANGESTATE  shift e prosecuzione allo stato 43
    OPERATORE    shift e prosecuzione allo stato 47
    PRINT        shift e prosecuzione allo stato 50

    string             prosecuzione allo stato 51
    operazioni         prosecuzione allo stato 52
    elenco_operazioni  prosecuzione allo stato 75
    cambiostato        prosecuzione allo stato 55
    elenco_cambio      prosecuzione allo stato 76


Stato 198

   44 cicli: FOR LPAREN assegnazione COMMA term CMP string COMMA operazioni RPAREN LBRACE elenco_cond . RBRACE
   65 elenco_cond: elenco_cond . cond

    RBRACE  shift e prosecuzione allo stato 204
    IF      shift e prosecuzione allo stato 44
    ELSE    shift e prosecuzione allo stato 45
    ELIF    shift e prosecuzione allo stato 46

    metodo  prosecuzione allo stato 58
    cond    prosecuzione allo stato 85


Stato 199

   48 cicli: FOR LPAREN assegnazione COMMA string CMP string COMMA operazioni RPAREN LBRACE elenchi RBRACE .

    $default  riduzione con la regola 48 (cicli)


Stato 200

   45 cicli: FOR LPAREN assegnazione COMMA string CMP string COMMA operazioni RPAREN LBRACE elenco_cond RBRACE .

    $default  riduzione con la regola 45 (cicli)


Stato 201

   46 cicli: FOR LPAREN assegnazione COMMA string CMP term COMMA operazioni RPAREN LBRACE elenchi RBRACE .

    $default  riduzione con la regola 46 (cicli)


Stato 202

   43 cicli: FOR LPAREN assegnazione COMMA string CMP term COMMA operazioni RPAREN LBRACE elenco_cond RBRACE .

    $default  riduzione con la regola 43 (cicli)


Stato 203

   47 cicli: FOR LPAREN assegnazione COMMA term CMP string COMMA operazioni RPAREN LBRACE elenchi RBRACE .

    $default  riduzione con la regola 47 (cicli)


Stato 204

   44 cicli: FOR LPAREN assegnazione COMMA term CMP string COMMA operazioni RPAREN LBRACE elenco_cond RBRACE .

    $default  riduzione con la regola 44 (cicli)
